packages/capacitor-call-hints/android/build/intermediates/manifest_merge_blame_file/debug/processDebugManifest/manifest-merger-blame-debug-report.txt
1<?xml version="1.0" encoding="utf-8"?>
2<manifest xmlns:android="http://schemas.android.com/apk/res/android"
3    package="at.avelom.plugins.callhints" >
4
5    <uses-sdk android:minSdkVersion="23" />
6
7    <uses-permission android:name="android.permission.READ_CALL_LOG" />
7-->src/main/AndroidManifest.xml:2:5-72
7-->src/main/AndroidManifest.xml:2:22-69
8    <uses-permission android:name="android.permission.RECORD_AUDIO" />
8-->src/main/AndroidManifest.xml:3:5-71
8-->src/main/AndroidManifest.xml:3:22-68
9    <uses-permission android:name="android.permission.MODIFY_AUDIO_SETTINGS" />
9-->src/main/AndroidManifest.xml:4:5-80
9-->src/main/AndroidManifest.xml:4:22-77
10    <uses-permission android:name="android.permission.READ_CONTACTS" />
10-->src/main/AndroidManifest.xml:5:5-72
10-->src/main/AndroidManifest.xml:5:22-69
11    <uses-permission android:name="android.permission.WRITE_CONTACTS" />
11-->src/main/AndroidManifest.xml:6:5-73
11-->src/main/AndroidManifest.xml:6:22-70
12    <uses-permission android:name="android.permission.POST_NOTIFICATIONS" />
12-->src/main/AndroidManifest.xml:7:5-77
12-->src/main/AndroidManifest.xml:7:22-74
13
14    <queries>
14-->src/main/AndroidManifest.xml:9:5-15:15
15        <intent>
15-->src/main/AndroidManifest.xml:10:9-12:18
16            <action android:name="android.speech.RecognitionService" />
16-->src/main/AndroidManifest.xml:11:13-72
16-->src/main/AndroidManifest.xml:11:21-69
17        </intent>
18
19        <package android:name="com.whatsapp" />
19-->src/main/AndroidManifest.xml:13:9-48
19-->src/main/AndroidManifest.xml:13:18-45
20        <package android:name="com.whatsapp.w4b" />
20-->src/main/AndroidManifest.xml:14:9-52
20-->src/main/AndroidManifest.xml:14:18-49
21    </queries>
22
23</manifest>